TN:
SF:script/Counter.s.sol
FN:7,CounterScript.setUp
FNDA:0,CounterScript.setUp
FN:9,CounterScript.run
FNDA:0,CounterScript.run
DA:10,0
FNF:2
FNH:0
LF:1
LH:0
BRF:0
BRH:0
end_of_record
TN:
SF:src/Counter.sol
FN:7,Counter.setNumber
FNDA:256,Counter.setNumber
DA:8,256
FN:11,Counter.increment
FNDA:1,Counter.increment
DA:12,1
FNF:2
FNH:2
LF:2
LH:2
BRF:0
BRH:0
end_of_record
TN:
SF:src/CounterBytecode.sol
FN:7,CounterBytecode.setNumber
FNDA:0,CounterBytecode.setNumber
DA:8,0
FN:11,CounterBytecode.increment
FNDA:0,CounterBytecode.increment
DA:12,0
FNF:2
FNH:0
LF:2
LH:0
BRF:0
BRH:0
end_of_record
TN:
SF:test/Deployer.sol
FN:7,Deployer.deployContract
FNDA:0,Deployer.deployContract
DA:10,0
FN:13,Deployer.deployContract
FNDA:0,Deployer.deployContract
DA:17,0
DA:21,0
DA:23,0
DA:26,0
FNF:2
FNH:0
LF:5
LH:0
BRF:0
BRH:0
end_of_record
